<?xml version="1.0" encoding="UTF-8"?>
<robot generator="Robot 6.0.2 (Python 3.9.6 on darwin)" generated="20230406 11:41:08.847" rpa="false" schemaversion="3">
<suite id="s1" name="testCase" source="/Users/ycs9t1/Library/Mobile Documents/com~apple~CloudDocs/Desktop/robotFm/Test_case/testCase.robot">
<test id="s1-t1" name="Low to High Price Screening" line="9">
<kw name="Load bookdepository in browser" library="priceFilter">
<kw name="Open Browser" library="SeleniumLibrary">
<arg>${base_url}</arg>
<arg>Chrome</arg>
<doc>Opens a new browser instance to the optional ``url``.</doc>
<msg timestamp="20230406 11:41:08.928" level="INFO">Opening browser 'Chrome' to base url 'https://www.bookdepository.com'.</msg>
<status status="PASS" starttime="20230406 11:41:08.928" endtime="20230406 11:41:13.010"/>
</kw>
<status status="PASS" starttime="20230406 11:41:08.928" endtime="20230406 11:41:13.010"/>
</kw>
<kw name="Close Annoucement" library="priceFilter">
<kw name="Wait Until Element Is Visible" library="SeleniumLibrary">
<arg>${closeannounce}</arg>
<arg>timeout=5</arg>
<doc>Waits until the element ``locator`` is visible.</doc>
<status status="PASS" starttime="20230406 11:41:13.012" endtime="20230406 11:41:13.029"/>
</kw>
<kw name="Click Element" library="SeleniumLibrary">
<arg>${closeannounce}</arg>
<doc>Click the element identified by ``locator``.</doc>
<msg timestamp="20230406 11:41:13.030" level="INFO">Clicking element 'css:[class="close"]'.</msg>
<status status="PASS" starttime="20230406 11:41:13.029" endtime="20230406 11:41:13.074"/>
</kw>
<status status="PASS" starttime="20230406 11:41:13.011" endtime="20230406 11:41:13.075"/>
</kw>
<kw name="Visit the bestseller menu" library="priceFilter">
<kw name="Wait Until Element Is Visible" library="SeleniumLibrary">
<arg>${bestSeller}</arg>
<arg>timeout=5</arg>
<doc>Waits until the element ``locator`` is visible.</doc>
<status status="PASS" starttime="20230406 11:41:13.075" endtime="20230406 11:41:13.088"/>
</kw>
<kw name="Click Element" library="SeleniumLibrary">
<arg>${bestSeller}</arg>
<doc>Click the element identified by ``locator``.</doc>
<msg timestamp="20230406 11:41:13.089" level="INFO">Clicking element 'css:[href="/bestsellers"]'.</msg>
<status status="PASS" starttime="20230406 11:41:13.088" endtime="20230406 11:41:14.380"/>
</kw>
<status status="PASS" starttime="20230406 11:41:13.075" endtime="20230406 11:41:14.380"/>
</kw>
<kw name="Price and availability screening" library="priceFilter">
<kw name="Wait Until Element Is Visible" library="SeleniumLibrary">
<arg>${filterPrice}</arg>
<arg>timeout=5</arg>
<doc>Waits until the element ``locator`` is visible.</doc>
<status status="PASS" starttime="20230406 11:41:14.381" endtime="20230406 11:41:14.391"/>
</kw>
<kw name="Select From List By Index" library="SeleniumLibrary">
<arg>${filterPrice}</arg>
<arg>2</arg>
<doc>Selects options from selection list ``locator`` by ``indexes``.</doc>
<msg timestamp="20230406 11:41:14.391" level="INFO">Selecting options from selection list 'id:filterPrice' by index 2.</msg>
<status status="PASS" starttime="20230406 11:41:14.391" endtime="20230406 11:41:14.442"/>
</kw>
<kw name="Select From List By Index" library="SeleniumLibrary">
<arg>${filterAvailability}</arg>
<arg>1</arg>
<doc>Selects options from selection list ``locator`` by ``indexes``.</doc>
<msg timestamp="20230406 11:41:14.442" level="INFO">Selecting options from selection list 'id:filterAvailability' by index 1.</msg>
<status status="PASS" starttime="20230406 11:41:14.442" endtime="20230406 11:41:14.491"/>
</kw>
<status status="PASS" starttime="20230406 11:41:14.380" endtime="20230406 11:41:14.491"/>
</kw>
<kw name="Click button Refine results &amp; Validation data" library="priceFilter">
<kw name="Click Element" library="SeleniumLibrary">
<arg>${button_result}</arg>
<doc>Click the element identified by ``locator``.</doc>
<msg timestamp="20230406 11:41:14.492" level="INFO">Clicking element 'css:[class="btn btn-primary"]'.</msg>
<status status="PASS" starttime="20230406 11:41:14.491" endtime="20230406 11:41:16.048"/>
</kw>
<kw name="Wait Until Element Contains" library="SeleniumLibrary">
<arg>${validation_info}</arg>
<arg>Showing 1 to 30 of</arg>
<doc>Waits until the element ``locator`` contains ``text``.</doc>
<status status="PASS" starttime="20230406 11:41:16.049" endtime="20230406 11:41:16.074"/>
</kw>
<status status="PASS" starttime="20230406 11:41:14.491" endtime="20230406 11:41:16.074"/>
</kw>
<kw name="Close Browser" library="SeleniumLibrary">
<doc>Closes the current browser.</doc>
<status status="PASS" starttime="20230406 11:41:16.075" endtime="20230406 11:41:16.204"/>
</kw>
<doc>Low to High Price Screening at bestsellers menu</doc>
<status status="PASS" starttime="20230406 11:41:08.927" endtime="20230406 11:41:16.204"/>
</test>
<test id="s1-t2" name="Add and Remove book items from Cart" line="18">
<kw name="Load bookdepository in browser" library="priceFilter">
<kw name="Open Browser" library="SeleniumLibrary">
<arg>${base_url}</arg>
<arg>Chrome</arg>
<doc>Opens a new browser instance to the optional ``url``.</doc>
<msg timestamp="20230406 11:41:16.205" level="INFO">Opening browser 'Chrome' to base url 'https://www.bookdepository.com'.</msg>
<status status="PASS" starttime="20230406 11:41:16.205" endtime="20230406 11:41:19.697"/>
</kw>
<status status="PASS" starttime="20230406 11:41:16.205" endtime="20230406 11:41:19.698"/>
</kw>
<kw name="Close Annoucement" library="priceFilter">
<kw name="Wait Until Element Is Visible" library="SeleniumLibrary">
<arg>${closeannounce}</arg>
<arg>timeout=5</arg>
<doc>Waits until the element ``locator`` is visible.</doc>
<status status="PASS" starttime="20230406 11:41:19.699" endtime="20230406 11:41:19.716"/>
</kw>
<kw name="Click Element" library="SeleniumLibrary">
<arg>${closeannounce}</arg>
<doc>Click the element identified by ``locator``.</doc>
<msg timestamp="20230406 11:41:19.716" level="INFO">Clicking element 'css:[class="close"]'.</msg>
<status status="PASS" starttime="20230406 11:41:19.716" endtime="20230406 11:41:19.763"/>
</kw>
<status status="PASS" starttime="20230406 11:41:19.699" endtime="20230406 11:41:19.764"/>
</kw>
<kw name="Find a book of interest and View details" library="itemCart">
<kw name="Wait Until Element Is Visible" library="SeleniumLibrary">
<arg>${item_book1}</arg>
<arg>timeout=5</arg>
<doc>Waits until the element ``locator`` is visible.</doc>
<status status="PASS" starttime="20230406 11:41:19.764" endtime="20230406 11:41:19.777"/>
</kw>
<kw name="Click Element" library="SeleniumLibrary">
<arg>${item_book1}</arg>
<doc>Click the element identified by ``locator``.</doc>
<msg timestamp="20230406 11:41:19.778" level="INFO">Clicking element 'css:[href="/Daisy-Jones-Six-Taylor-Jenkins-Reid/9781787462144?ref=grid-view"]'.</msg>
<status status="PASS" starttime="20230406 11:41:19.777" endtime="20230406 11:41:21.075"/>
</kw>
<status status="PASS" starttime="20230406 11:41:19.764" endtime="20230406 11:41:21.076"/>
</kw>
<kw name="Add to Cart the selected book" library="itemCart">
<kw name="Wait Until Element Is Visible" library="SeleniumLibrary">
<arg>${add_cart}</arg>
<arg>timeout=5</arg>
<doc>Waits until the element ``locator`` is visible.</doc>
<status status="PASS" starttime="20230406 11:41:21.077" endtime="20230406 11:41:21.103"/>
</kw>
<kw name="Click Element" library="SeleniumLibrary">
<arg>${add_cart}</arg>
<doc>Click the element identified by ``locator``.</doc>
<msg timestamp="20230406 11:41:21.104" level="INFO">Clicking element 'css:[href="/basket/addisbn/isbn13/9781787462144"]'.</msg>
<status status="PASS" starttime="20230406 11:41:21.104" endtime="20230406 11:41:21.142"/>
</kw>
<status status="PASS" starttime="20230406 11:41:21.076" endtime="20230406 11:41:21.142"/>
</kw>
<kw name="Visit my cart" library="itemCart">
<kw name="Wait Until Element Is Visible" library="SeleniumLibrary">
<arg>${go_to_Cart}</arg>
<arg>timeout=2</arg>
<doc>Waits until the element ``locator`` is visible.</doc>
<status status="PASS" starttime="20230406 11:41:21.143" endtime="20230406 11:41:21.828"/>
</kw>
<kw name="Click Element" library="SeleniumLibrary">
<arg>${go_to_Cart}</arg>
<doc>Click the element identified by ``locator``.</doc>
<msg timestamp="20230406 11:41:21.829" level="INFO">Clicking element 'css:[class="btn btn-primary pull-right continue-to-basket string-to-localize link-to-localize"]'.</msg>
<status status="PASS" starttime="20230406 11:41:21.828" endtime="20230406 11:41:23.685"/>
</kw>
<status status="PASS" starttime="20230406 11:41:21.142" endtime="20230406 11:41:23.685"/>
</kw>
<kw name="Delete book items to empty the cart" library="itemCart">
<kw name="Wait Until Element Is Visible" library="SeleniumLibrary">
<arg>${button_remove_Cart}</arg>
<arg>timeout=5</arg>
<doc>Waits until the element ``locator`` is visible.</doc>
<status status="PASS" starttime="20230406 11:41:23.686" endtime="20230406 11:41:23.698"/>
</kw>
<kw name="Click Element" library="SeleniumLibrary">
<arg>${button_remove_Cart}</arg>
<doc>Click the element identified by ``locator``.</doc>
<msg timestamp="20230406 11:41:23.698" level="INFO">Clicking element 'css:[class="btn remove-btn"]'.</msg>
<status status="PASS" starttime="20230406 11:41:23.698" endtime="20230406 11:41:25.712"/>
</kw>
<status status="PASS" starttime="20230406 11:41:23.685" endtime="20230406 11:41:25.712"/>
</kw>
<kw name="Validate that my basket is empty" library="itemCart">
<kw name="Wait Until Element Contains" library="SeleniumLibrary">
<arg>${validation_cart}</arg>
<arg>Your basket is empty.</arg>
<doc>Waits until the element ``locator`` contains ``text``.</doc>
<status status="PASS" starttime="20230406 11:41:25.713" endtime="20230406 11:41:25.728"/>
</kw>
<status status="PASS" starttime="20230406 11:41:25.712" endtime="20230406 11:41:25.728"/>
</kw>
<kw name="Close Browser" library="SeleniumLibrary">
<doc>Closes the current browser.</doc>
<status status="PASS" starttime="20230406 11:41:25.729" endtime="20230406 11:41:25.850"/>
</kw>
<doc>Selection of books in the shopping cart</doc>
<status status="PASS" starttime="20230406 11:41:16.204" endtime="20230406 11:41:25.851"/>
</test>
<test id="s1-t3" name="Whishlist book" line="29">
<kw name="Load bookdepository in browser" library="priceFilter">
<kw name="Open Browser" library="SeleniumLibrary">
<arg>${base_url}</arg>
<arg>Chrome</arg>
<doc>Opens a new browser instance to the optional ``url``.</doc>
<msg timestamp="20230406 11:41:25.852" level="INFO">Opening browser 'Chrome' to base url 'https://www.bookdepository.com'.</msg>
<status status="PASS" starttime="20230406 11:41:25.852" endtime="20230406 11:41:29.182"/>
</kw>
<status status="PASS" starttime="20230406 11:41:25.851" endtime="20230406 11:41:29.182"/>
</kw>
<kw name="Close Annoucement" library="priceFilter">
<kw name="Wait Until Element Is Visible" library="SeleniumLibrary">
<arg>${closeannounce}</arg>
<arg>timeout=5</arg>
<doc>Waits until the element ``locator`` is visible.</doc>
<status status="PASS" starttime="20230406 11:41:29.183" endtime="20230406 11:41:29.195"/>
</kw>
<kw name="Click Element" library="SeleniumLibrary">
<arg>${closeannounce}</arg>
<doc>Click the element identified by ``locator``.</doc>
<msg timestamp="20230406 11:41:29.196" level="INFO">Clicking element 'css:[class="close"]'.</msg>
<status status="PASS" starttime="20230406 11:41:29.195" endtime="20230406 11:41:29.240"/>
</kw>
<status status="PASS" starttime="20230406 11:41:29.182" endtime="20230406 11:41:29.240"/>
</kw>
<kw name="Select the book of interest" library="wishList">
<kw name="Wait Until Element Is Visible" library="SeleniumLibrary">
<arg>${item_book2}</arg>
<arg>timeout=5</arg>
<doc>Waits until the element ``locator`` is visible.</doc>
<status status="PASS" starttime="20230406 11:41:29.241" endtime="20230406 11:41:29.254"/>
</kw>
<kw name="Click Element" library="SeleniumLibrary">
<arg>${item_book2}</arg>
<doc>Click the element identified by ``locator``.</doc>
<msg timestamp="20230406 11:41:29.255" level="INFO">Clicking element 'css:[href="/It-Ends-With-Us-most-heartbreaking-novel-youll-ever-read-Colleen-Hoover/9781471156267?ref=grid-view"]'.</msg>
<status status="PASS" starttime="20230406 11:41:29.255" endtime="20230406 11:41:30.645"/>
</kw>
<status status="PASS" starttime="20230406 11:41:29.240" endtime="20230406 11:41:30.646"/>
</kw>
<kw name="Add books to wishlist" library="wishList">
<kw name="Wait Until Element Is Visible" library="SeleniumLibrary">
<arg>${add_wishlist}</arg>
<arg>timeout=5</arg>
<doc>Waits until the element ``locator`` is visible.</doc>
<status status="PASS" starttime="20230406 11:41:30.646" endtime="20230406 11:41:30.658"/>
</kw>
<kw name="Click Element" library="SeleniumLibrary">
<arg>${add_wishlist}</arg>
<doc>Click the element identified by ``locator``.</doc>
<msg timestamp="20230406 11:41:30.659" level="INFO">Clicking element 'css:[href="/account/wishlistItemUpdate?mainAction=add&amp;isbn13=9781471156267"]'.</msg>
<status status="PASS" starttime="20230406 11:41:30.658" endtime="20230406 11:41:30.698"/>
</kw>
<status status="PASS" starttime="20230406 11:41:30.646" endtime="20230406 11:41:30.699"/>
</kw>
<kw name="It can be validated that I am not logged in" library="wishList">
<kw name="Wait Until Element Contains" library="SeleniumLibrary">
<arg>${validate_login}</arg>
<arg>Not logged in</arg>
<doc>Waits until the element ``locator`` contains ``text``.</doc>
<status status="PASS" starttime="20230406 11:41:30.699" endtime="20230406 11:41:31.355"/>
</kw>
<status status="PASS" starttime="20230406 11:41:30.699" endtime="20230406 11:41:31.355"/>
</kw>
<kw name="Close Browser" library="SeleniumLibrary">
<doc>Closes the current browser.</doc>
<status status="PASS" starttime="20230406 11:41:31.356" endtime="20230406 11:41:31.467"/>
</kw>
<doc>A wish list of book items to buy when you have the funds</doc>
<status status="PASS" starttime="20230406 11:41:25.851" endtime="20230406 11:41:31.467"/>
</test>
<doc>Technical Test</doc>
<status status="PASS" starttime="20230406 11:41:08.849" endtime="20230406 11:41:31.468"/>
</suite>
<statistics>
<total>
<stat pass="3" fail="0" skip="0">All Tests</stat>
</total>
<tag>
</tag>
<suite>
<stat pass="3" fail="0" skip="0" id="s1" name="testCase">testCase</stat>
</suite>
</statistics>
<errors>
</errors>
</robot>
